<?xml version="1.0" encoding="UTF-8" ?>
<testsuite tests="5" failures="1" name="com.searchandsort.DatabaseTest" time="0.494" errors="0" skipped="0">
  <properties>
[...]
</properties>
  <testcase classname="com.searchandsort.DatabaseTest" name="com.searchandsort.DatabaseTest.testConnect" time="0.353"/>
  <testcase classname="com.searchandsort.DatabaseTest" name="com.searchandsort.DatabaseTest.testInsertData" time="0.067"/>
  <testcase classname="com.searchandsort.DatabaseTest" name="com.searchandsort.DatabaseTest.testGetData" time="0.011">
    <failure message="Not supported yet." type="java.lang.UnsupportedOperationException">java.lang.UnsupportedOperationException: Not supported yet.
	at com.searchandsort.Database.getData(Database.java:91)
	at com.searchandsort.DatabaseTest.testGetData(DatabaseTest.java:45)
</failure>
    <system-out>Database Connected
</system-out>
  </testcase>
  <testcase classname="com.searchandsort.DatabaseTest" name="com.searchandsort.DatabaseTest.testGetDataWithSearch" time="0.054"/>
  <testcase classname="com.searchandsort.DatabaseTest" name="com.searchandsort.DatabaseTest.testGetDataWithOrder" time="0.009"/>
</testsuite>